<?xml version="1.0" encoding="UTF-8"?>
<!-- Generated by org.testng.reporters.JUnitReportReporter -->
<testsuite hostname="LAPTOP-IC53NKC9" failures="0" tests="1" name="restscripts.Script3Post" time="4.205" errors="0" timestamp="2023-12-18T21:31:33 IST" skipped="0">
  <testcase classname="restscripts.Script3Post" name="postMethod" time="4.205"/>
  <system-out/>
</testsuite> <!-- restscripts.Script3Post -->
