<?xml version="1.0" encoding="UTF-8"?>
<!-- Generated by org.testng.reporters.JUnitReportReporter -->
<testsuite hostname="LAPTOP-IC53NKC9" failures="0" tests="1" name="restscripts.PostJsonObject" time="7.347" errors="0" timestamp="2023-12-18T21:50:44 IST" skipped="0">
  <testcase classname="restscripts.PostJsonObject" name="PostUsingJSON" time="7.347"/>
  <system-out/>
</testsuite> <!-- restscripts.PostJsonObject -->
