<?xml version="1.0" encoding="UTF-8"?>
<!-- Generated by org.testng.reporters.JUnitReportReporter -->
<testsuite hostname="LAPTOP-IC53NKC9" failures="0" tests="2" name="restscripts.Script2GetMethod" time="4.855" errors="0" timestamp="2023-12-18T20:45:19 IST" skipped="1">
  <testcase classname="restscripts.Script2GetMethod" name="GetMethodBDDStyle" time="4.855"/>
  <system-out/>
  <testcase classname="restscripts.Script2GetMethod" name="httpGetMethod">
    <skipped/>
  </testcase> <!-- httpGetMethod -->
  <system-out/>
</testsuite> <!-- restscripts.Script2GetMethod -->
