<?xml version="1.0" encoding="UTF-8"?>
<!-- Generated by org.testng.reporters.JUnitReportReporter -->
<testsuite hostname="LAPTOP-IC53NKC9" failures="0" tests="2" name="phase3.endproject.Assignment002Demo" time="6.054" errors="0" timestamp="2023-12-19T21:20:54 IST" skipped="0">
  <testcase classname="phase3.endproject.Assignment002Demo" name="assignment002Post" time="4.648"/>
  <system-out/>
  <testcase classname="phase3.endproject.Assignment002Demo" name="assignment002Put" time="1.406"/>
  <system-out/>
</testsuite> <!-- phase3.endproject.Assignment002Demo -->
