<?xml version="1.0" encoding="UTF-8"?>
<!-- Generated by org.testng.reporters.JUnitReportReporter -->
<testsuite hostname="LAPTOP-IC53NKC9" failures="0" tests="1" name="restscripts.RestscriptsSetup" time="3.091" errors="0" timestamp="2023-12-18T16:45:10 IST" skipped="0">
  <testcase classname="restscripts.RestscriptsSetup" name="setupCheck" time="3.091"/>
  <system-out/>
</testsuite> <!-- restscripts.RestscriptsSetup -->
