<?xml version="1.0" encoding="UTF-8"?>
<!-- Generated by org.testng.reporters.JUnitReportReporter -->
<testsuite hostname="LAPTOP-IC53NKC9" failures="0" tests="1" name="phase3.endproject.Assignemnt004Demo" time="5.629" errors="0" timestamp="2023-12-20T06:12:04 IST" skipped="0">
  <testcase classname="phase3.endproject.Assignemnt004Demo" name="assignment004login" time="5.629"/>
  <system-out/>
</testsuite> <!-- phase3.endproject.Assignemnt004Demo -->
