<?xml version="1.0" encoding="UTF-8"?>
<!-- Generated by org.testng.reporters.JUnitReportReporter -->
<testsuite hostname="LAPTOP-IC53NKC9" failures="0" tests="1" name="phase3.endproject.Assignment006Demo" time="8.545" errors="0" timestamp="2023-12-20T06:15:12 IST" skipped="0">
  <testcase classname="phase3.endproject.Assignment006Demo" name="assignment006Logout" time="8.545"/>
  <system-out/>
</testsuite> <!-- phase3.endproject.Assignment006Demo -->
