<?xml version="1.0" encoding="UTF-8"?>
<!-- Generated by org.testng.reporters.JUnitReportReporter -->
<testsuite hostname="LAPTOP-IC53NKC9" failures="0" tests="1" name="practiceproject.phase3.PostMethod" time="3.683" errors="0" timestamp="2023-12-19T19:48:37 IST" skipped="0">
  <testcase classname="practiceproject.phase3.PostMethod" name="createResource" time="3.683"/>
  <system-out/>
</testsuite> <!-- practiceproject.phase3.PostMethod -->
