<?xml version="1.0" encoding="UTF-8"?>
<!-- Generated by org.testng.reporters.JUnitReportReporter -->
<testsuite hostname="LAPTOP-IC53NKC9" failures="0" tests="1" name="practiceproject.phase3.PostMethod" time="4.470" errors="0" timestamp="2023-12-19T20:23:04 IST" skipped="0">
  <testcase classname="practiceproject.phase3.PostMethod" name="createResource" time="4.470"/>
  <system-out/>
</testsuite> <!-- practiceproject.phase3.PostMethod -->
