<?xml version="1.0" encoding="UTF-8"?>
<!-- Generated by org.testng.reporters.JUnitReportReporter -->
<testsuite hostname="LAPTOP-IC53NKC9" failures="0" tests="3" name="phase3.endproject.Assignment001Demo" time="8.297" errors="0" timestamp="2023-12-19T20:42:13 IST" skipped="0">
  <testcase classname="phase3.endproject.Assignment001Demo" name="Assignment001Post" time="4.909"/>
  <system-out/>
  <testcase classname="phase3.endproject.Assignment001Demo" name="assignment001Get" time="1.635"/>
  <system-out/>
  <testcase classname="phase3.endproject.Assignment001Demo" name="assignment001Delete" time="1.753"/>
  <system-out/>
</testsuite> <!-- phase3.endproject.Assignment001Demo -->
